<?xml version="1.0" encoding="UTF-8" ?>
<testsuite errors="0" failures="0" hostname="Laptop-PC" name="banking.primitive.core.AccountServerTest" tests="5" time="0.14" timestamp="2013-02-13T21:33:32">
  <properties>
[...]
</properties>
  <testcase classname="banking.primitive.core.AccountServerTest" name="testNewAccountBalance" time="0.0" />
  <testcase classname="banking.primitive.core.AccountServerTest" name="testNewAccountDuplicate" time="0.0" />
  <testcase classname="banking.primitive.core.AccountServerTest" name="testNewAccount" time="0.0" />
  <testcase classname="banking.primitive.core.AccountServerTest" name="testGetAccount" time="0.0" />
  <testcase classname="banking.primitive.core.AccountServerTest" name="testNewAccountType" time="0.0" />
  <system-out><![CDATA[Reading from file accounts.ser...
]]></system-out>
  <system-err><![CDATA[]]></system-err>
</testsuite>
